<?xml version="1.0" encoding="UTF-8"?>
<!-- Generated by org.testng.reporters.JUnitReportReporter -->
<testsuite skipped="0" hostname="DESKTOP-RTL8BI8" name="com.crm.qa.testcases.HomePageTest" tests="3" failures="0" timestamp="28 Dec 2018 00:52:51 GMT" time="35.790" errors="0">
  <testcase name="clickOnContactsLink" time="12.036" classname="com.crm.qa.testcases.HomePageTest"/>
  <testcase name="verifyHomePageTitleTest" time="12.627" classname="com.crm.qa.testcases.HomePageTest"/>
  <testcase name="verifyUserNameTest" time="11.127" classname="com.crm.qa.testcases.HomePageTest"/>
</testsuite> <!-- com.crm.qa.testcases.HomePageTest -->
