<?xml version="1.0" encoding="UTF-8"?>
<!-- Generated by org.testng.reporters.JUnitReportReporter -->
<testsuite skipped="0" hostname="DESKTOP-RTL8BI8" name="com.crm.qa.testcases.TasksPageTest" tests="1" failures="0" timestamp="29 Dec 2018 15:53:56 GMT" time="12.287" errors="0">
  <testcase name="verifyTasksLabelTest" time="12.287" classname="com.crm.qa.testcases.TasksPageTest"/>
</testsuite> <!-- com.crm.qa.testcases.TasksPageTest -->
