<?xml version="1.0" encoding="UTF-8"?>
<!-- Generated by org.testng.reporters.JUnitReportReporter -->
<testsuite skipped="0" hostname="DESKTOP-RTL8BI8" name="com.crm.qa.testcases.LoginPageTest" tests="1" failures="0" timestamp="28 Dec 2018 13:49:50 GMT" time="13.763" errors="0">
  <testcase name="testLoginPageTitle" time="13.763" classname="com.crm.qa.testcases.LoginPageTest"/>
</testsuite> <!-- com.crm.qa.testcases.LoginPageTest -->
