<?xml version="1.0" encoding="UTF-8"?>
<!-- Generated by org.testng.reporters.JUnitReportReporter -->
<testsuite skipped="0" hostname="DESKTOP-RTL8BI8" name="com.crm.qa.testcases.DealsPageTest" tests="1" failures="0" timestamp="29 Dec 2018 15:53:56 GMT" time="15.283" errors="0">
  <testcase name="clickOnDealsLink" time="15.283" classname="com.crm.qa.testcases.DealsPageTest"/>
</testsuite> <!-- com.crm.qa.testcases.DealsPageTest -->
